<?xml version="1.0" encoding="utf-8"?><testsuites name="pytest tests"><testsuite name="pytest" errors="0" failures="0" skipped="0" tests="8" time="17.449" timestamp="2026-05-07T00:23:15.966981+00:00" hostname="agent-env-2ca3e141-d35f-40fe-ab1e-f21263b6018e"><testcase classname="backend.tests.test_email_notifications.TestForgotPassword" name="test_forgot_password_existing_user_logs_email" time="0.619" /><testcase classname="backend.tests.test_email_notifications.TestForgotPassword" name="test_forgot_password_nonexistent_user_returns_200" time="2.174" /><testcase classname="backend.tests.test_email_notifications.TestResetPassword" name="test_reset_password_invalid_token" time="0.192" /><testcase classname="backend.tests.test_email_notifications.TestResetPassword" name="test_reset_password_short_password" time="0.177" /><testcase classname="backend.tests.test_email_notifications.TestPreferences" name="test_preferences_requires_auth" time="0.166" /><testcase classname="backend.tests.test_email_notifications.TestPreferences" name="test_toggle_preferences_persists" time="0.753" /><testcase classname="backend.tests.test_email_notifications.TestOptOut" name="test_no_email_when_opted_out" time="2.684" /><testcase classname="backend.tests.test_email_notifications.TestFreeLeagueJoinEmail" name="test_free_join_emits_registration_email" time="10.608" /></testsuite></testsuites>