<?xml version="1.0" encoding="utf-8"?><testsuites name="pytest tests"><testsuite name="pytest" errors="0" failures="0" skipped="0" tests="11" time="5.791" timestamp="2026-05-07T04:09:09.583089+00:00" hostname="agent-env-2ca3e141-d35f-40fe-ab1e-f21263b6018e"><testcase classname="backend.tests.test_iteration6.TestPlayoffAutoAdvance" name="test_full_bracket_flow" time="3.872" /><testcase classname="backend.tests.test_iteration6.TestRatingHistory" name="test_history_returns_snapshots" time="0.068" /><testcase classname="backend.tests.test_iteration6.TestRatingHistory" name="test_sport_filter" time="0.143" /><testcase classname="backend.tests.test_iteration6.TestRatingHistory" name="test_requires_auth" time="0.115" /><testcase classname="backend.tests.test_iteration6.TestRatingHistory" name="test_no_matches_user_gets_empty" time="0.701" /><testcase classname="backend.tests.test_iteration6.TestLeagueSeasonLink" name="test_create_league_with_season_id" time="0.347" /><testcase classname="backend.tests.test_iteration6.TestLeagueSeasonLink" name="test_create_league_without_season_id_ok" time="0.053" /><testcase classname="backend.tests.test_iteration6.TestRegression" name="test_admin_login_cookie" time="0.044" /><testcase classname="backend.tests.test_iteration6.TestRegression" name="test_phase_gate" time="0.120" /><testcase classname="backend.tests.test_iteration6.TestRegression" name="test_leagues_list" time="0.109" /><testcase classname="backend.tests.test_iteration6.TestRegression" name="test_forgot_password" time="0.126" /></testsuite></testsuites>