<?xml version="1.0" encoding="utf-8"?><testsuites name="pytest tests"><testsuite name="pytest" errors="0" failures="0" skipped="0" tests="25" time="5.774" timestamp="2026-05-07T01:41:32.065982+00:00" hostname="agent-env-2ca3e141-d35f-40fe-ab1e-f21263b6018e"><testcase classname="tests.test_iteration5.TestHealth" name="test_root" time="0.170" /><testcase classname="tests.test_iteration5.TestHealth" name="test_health" time="0.122" /><testcase classname="tests.test_iteration5.TestHealth" name="test_phase_gate" time="0.123" /><testcase classname="tests.test_iteration5.TestRegression" name="test_admin_login" time="0.419" /><testcase classname="tests.test_iteration5.TestRegression" name="test_leagues_phase_filtered" time="0.125" /><testcase classname="tests.test_iteration5.TestRegression" name="test_cities_phase_filtered" time="0.136" /><testcase classname="tests.test_iteration5.TestRegression" name="test_cities_cross_phase_blocked" time="0.164" /><testcase classname="tests.test_iteration5.TestRegression" name="test_google_session_rejects_invalid" time="0.236" /><testcase classname="tests.test_iteration5.TestRegression" name="test_forgot_password" time="0.119" /><testcase classname="tests.test_iteration5.TestUserSearch" name="test_search_requires_auth" time="0.124" /><testcase classname="tests.test_iteration5.TestUserSearch" name="test_search_q_too_short" time="0.070" /><testcase classname="tests.test_iteration5.TestUserSearch" name="test_search_finds_admin" time="0.080" /><testcase classname="tests.test_iteration5.TestUserSearch" name="test_get_user_by_id_requires_auth" time="0.184" /><testcase classname="tests.test_iteration5.TestUserSearch" name="test_get_user_by_id" time="0.133" /><testcase classname="tests.test_iteration5.TestUserSearch" name="test_get_user_404" time="0.066" /><testcase classname="tests.test_iteration5.TestSeasons" name="test_create_requires_admin" time="1.461" /><testcase classname="tests.test_iteration5.TestSeasons" name="test_create_rejects_inactive_sport" time="0.069" /><testcase classname="tests.test_iteration5.TestSeasons" name="test_create_tennis_season" time="0.067" /><testcase classname="tests.test_iteration5.TestSeasons" name="test_list_seasons_filters_phase" time="0.069" /><testcase classname="tests.test_iteration5.TestSeasons" name="test_patch_season" time="0.136" /><testcase classname="tests.test_iteration5.TestSeasons" name="test_delete_season" time="0.141" /><testcase classname="tests.test_iteration5.TestPlayoffs" name="test_insufficient_standings" time="0.190" /><testcase classname="tests.test_iteration5.TestPlayoffs" name="test_get_bracket" time="0.205" /><testcase classname="tests.test_iteration5.TestRatingUpdates" name="test_tennis_match_updates_rating" time="0.843" /><testcase classname="tests.test_iteration5.TestRatingUpdates" name="test_cricket_league_blocked_phase1" time="0.227" /></testsuite></testsuites>