<?xml version="1.0" encoding="utf-8"?><testsuites name="pytest tests"><testsuite name="pytest" errors="0" failures="0" skipped="0" tests="15" time="7.236" timestamp="2026-05-07T04:35:41.010895+00:00" hostname="agent-env-2ca3e141-d35f-40fe-ab1e-f21263b6018e"><testcase classname="backend.tests.test_iteration7_pricing_payments.TestPaymentMethods" name="test_methods_public_returns_4" time="0.275" /><testcase classname="backend.tests.test_iteration7_pricing_payments.TestAutoGenerateLeagues" name="test_non_admin_403" time="0.773" /><testcase classname="backend.tests.test_iteration7_pricing_payments.TestAutoGenerateLeagues" name="test_bad_cadence_400" time="0.413" /><testcase classname="backend.tests.test_iteration7_pricing_payments.TestAutoGenerateLeagues" name="test_monthly_idempotent" time="0.143" /><testcase classname="backend.tests.test_iteration7_pricing_payments.TestAutoGenerateLeagues" name="test_all_cadences_generates_24" time="0.077" /><testcase classname="backend.tests.test_iteration7_pricing_payments.TestAutoGenerateLeagues" name="test_auto_leagues_have_correct_pricing_and_metadata" time="0.133" /><testcase classname="backend.tests.test_iteration7_pricing_payments.TestPricingNormalization" name="test_all_usa_tennis_pickleball_have_standard_fees" time="0.117" /><testcase classname="backend.tests.test_iteration7_pricing_payments.TestWalletPayments" name="test_apple_pay_success_and_idempotent" time="0.993" /><testcase classname="backend.tests.test_iteration7_pricing_payments.TestWalletPayments" name="test_google_pay_success" time="0.783" /><testcase classname="backend.tests.test_iteration7_pricing_payments.TestWalletPayments" name="test_wallet_rejects_stripe_method" time="0.068" /><testcase classname="backend.tests.test_iteration7_pricing_payments.TestWalletPayments" name="test_wallet_rejects_empty_token" time="0.066" /><testcase classname="backend.tests.test_iteration7_pricing_payments.TestZelle" name="test_zelle_intent_returns_instructions" time="0.903" /><testcase classname="backend.tests.test_iteration7_pricing_payments.TestZelle" name="test_zelle_confirm_short_ref_400" time="0.757" /><testcase classname="backend.tests.test_iteration7_pricing_payments.TestZelle" name="test_zelle_confirm_success_and_idempotent" time="0.883" /><testcase classname="backend.tests.test_iteration7_pricing_payments.TestFreeLeagueJoin" name="test_free_league_join_no_payment" time="0.778" /></testsuite></testsuites>