<?xml version="1.0" encoding="utf-8"?><testsuites name="pytest tests"><testsuite name="pytest" errors="0" failures="0" skipped="0" tests="19" time="7.928" timestamp="2026-05-06T22:57:04.237832+00:00" hostname="agent-env-2ca3e141-d35f-40fe-ab1e-f21263b6018e"><testcase classname="backend.tests.test_api.TestHealth" name="test_api_health" time="0.110" /><testcase classname="backend.tests.test_api.TestHealth" name="test_api_root" time="0.157" /><testcase classname="backend.tests.test_api.TestAuth" name="test_register_user" time="0.126" /><testcase classname="backend.tests.test_api.TestAuth" name="test_login_admin" time="0.347" /><testcase classname="backend.tests.test_api.TestAuth" name="test_login_wrong_password" time="0.334" /><testcase classname="backend.tests.test_api.TestAuth" name="test_me_endpoint_with_cookie" time="0.431" /><testcase classname="backend.tests.test_api.TestLeagues" name="test_get_leagues" time="0.440" /><testcase classname="backend.tests.test_api.TestLeagues" name="test_filter_leagues_by_sport" time="0.698" /><testcase classname="backend.tests.test_api.TestLeagues" name="test_filter_leagues_by_country" time="0.539" /><testcase classname="backend.tests.test_api.TestLeagues" name="test_get_league_detail" time="0.621" /><testcase classname="backend.tests.test_api.TestLeagues" name="test_create_league_admin" time="0.457" /><testcase classname="backend.tests.test_api.TestLeagues" name="test_get_league_players" time="0.569" /><testcase classname="backend.tests.test_api.TestLeagues" name="test_get_league_standings" time="0.664" /><testcase classname="backend.tests.test_api.TestLeagues" name="test_get_league_matches" time="0.575" /><testcase classname="backend.tests.test_api.TestAdmin" name="test_admin_stats" time="0.403" /><testcase classname="backend.tests.test_api.TestAdmin" name="test_admin_leagues" time="0.400" /><testcase classname="backend.tests.test_api.TestAdmin" name="test_admin_protected_no_cookie" time="0.477" /><testcase classname="backend.tests.test_api.TestMatches" name="test_my_matches" time="0.402" /><testcase classname="backend.tests.test_api.TestCities" name="test_get_cities" time="0.109" /></testsuite></testsuites>