<?xml version="1.0" encoding="utf-8"?><testsuites name="pytest tests"><testsuite name="pytest" errors="0" failures="1" skipped="0" tests="27" time="10.712" timestamp="2026-05-07T00:06:38.270080+00:00" hostname="agent-env-2ca3e141-d35f-40fe-ab1e-f21263b6018e"><testcase classname="backend.tests.test_api.TestHealth" name="test_api_health" time="0.204" /><testcase classname="backend.tests.test_api.TestHealth" name="test_api_root" time="0.177" /><testcase classname="backend.tests.test_api.TestAuth" name="test_register_user" time="0.186" /><testcase classname="backend.tests.test_api.TestAuth" name="test_login_admin" time="0.349" /><testcase classname="backend.tests.test_api.TestAuth" name="test_login_wrong_password" time="0.352" /><testcase classname="backend.tests.test_api.TestAuth" name="test_me_endpoint_with_cookie" time="0.452" /><testcase classname="backend.tests.test_api.TestLeagues" name="test_get_leagues" time="0.455" /><testcase classname="backend.tests.test_api.TestLeagues" name="test_filter_leagues_by_sport_active" time="0.592" /><testcase classname="backend.tests.test_api.TestLeagues" name="test_filter_leagues_by_sport_cricket_blocked" time="0.509" /><testcase classname="backend.tests.test_api.TestLeagues" name="test_filter_leagues_by_country_usa" time="0.566" /><testcase classname="backend.tests.test_api.TestLeagues" name="test_filter_leagues_by_country_india_blocked" time="0.520" /><testcase classname="backend.tests.test_api.TestLeagues" name="test_default_leagues_only_active_phase" time="0.595" /><testcase classname="backend.tests.test_api.TestLeagues" name="test_get_league_detail" time="0.634" /><testcase classname="backend.tests.test_api.TestLeagues" name="test_create_league_admin" time="0.447" /><testcase classname="backend.tests.test_api.TestLeagues" name="test_get_league_players" time="0.591" /><testcase classname="backend.tests.test_api.TestLeagues" name="test_get_league_standings" time="0.598" /><testcase classname="backend.tests.test_api.TestLeagues" name="test_get_league_matches" time="0.633" /><testcase classname="backend.tests.test_api.TestAdmin" name="test_admin_stats" time="0.479" /><testcase classname="backend.tests.test_api.TestAdmin" name="test_admin_leagues" time="0.420" /><testcase classname="backend.tests.test_api.TestAdmin" name="test_admin_protected_no_cookie" time="0.478" /><testcase classname="backend.tests.test_api.TestMatches" name="test_my_matches" time="0.450" /><testcase classname="backend.tests.test_api.TestCities" name="test_get_cities" time="0.147" /><testcase classname="backend.tests.test_api.TestCities" name="test_get_cities_india_blocked" time="0.126"><failure message="AssertionError: assert [{'country': ...ashtra'}, ...] == []&#10;  &#10;  Left contains 7 more items, first extra item: {'country': 'India', 'name': 'Bangalore', 'state': 'Karnataka'}&#10;  &#10;  Full diff:&#10;  - []&#10;  + [&#10;  +     {...&#10;  &#10;  ...Full output truncated (35 lines hidden), use '-vv' to show">backend/tests/test_api.py:223: in test_get_cities_india_blocked
    assert r.json() == []
E   AssertionError: assert [{'country': ...ashtra'}, ...] == []
E     
E     Left contains 7 more items, first extra item: {'country': 'India', 'name': 'Bangalore', 'state': 'Karnataka'}
E     
E     Full diff:
E     - []
E     + [
E     +     {...
E     
E     ...Full output truncated (35 lines hidden), use '-vv' to show</failure></testcase><testcase classname="backend.tests.test_api.TestCities" name="test_get_cities_usa_explicit" time="0.111" /><testcase classname="backend.tests.test_api.TestPhase" name="test_phase_endpoint" time="0.133" /><testcase classname="backend.tests.test_api.TestGoogleAuth" name="test_google_session_invalid" time="0.271" /><testcase classname="backend.tests.test_api.TestGoogleAuth" name="test_google_session_missing_body" time="0.147" /></testsuite></testsuites>