<?xml version="1.0" encoding="utf-8"?><testsuites name="pytest tests"><testsuite name="pytest" errors="0" failures="0" skipped="0" tests="27" time="10.510" timestamp="2026-05-07T00:23:39.045964+00:00" hostname="agent-env-2ca3e141-d35f-40fe-ab1e-f21263b6018e"><testcase classname="backend.tests.test_api.TestHealth" name="test_api_health" time="0.139" /><testcase classname="backend.tests.test_api.TestHealth" name="test_api_root" time="0.127" /><testcase classname="backend.tests.test_api.TestAuth" name="test_register_user" time="0.168" /><testcase classname="backend.tests.test_api.TestAuth" name="test_login_admin" time="0.368" /><testcase classname="backend.tests.test_api.TestAuth" name="test_login_wrong_password" time="0.369" /><testcase classname="backend.tests.test_api.TestAuth" name="test_me_endpoint_with_cookie" time="0.421" /><testcase classname="backend.tests.test_api.TestLeagues" name="test_get_leagues" time="0.510" /><testcase classname="backend.tests.test_api.TestLeagues" name="test_filter_leagues_by_sport_active" time="0.629" /><testcase classname="backend.tests.test_api.TestLeagues" name="test_filter_leagues_by_sport_cricket_blocked" time="0.523" /><testcase classname="backend.tests.test_api.TestLeagues" name="test_filter_leagues_by_country_usa" time="0.452" /><testcase classname="backend.tests.test_api.TestLeagues" name="test_filter_leagues_by_country_india_blocked" time="0.499" /><testcase classname="backend.tests.test_api.TestLeagues" name="test_default_leagues_only_active_phase" time="0.487" /><testcase classname="backend.tests.test_api.TestLeagues" name="test_get_league_detail" time="0.611" /><testcase classname="backend.tests.test_api.TestLeagues" name="test_create_league_admin" time="0.400" /><testcase classname="backend.tests.test_api.TestLeagues" name="test_get_league_players" time="0.546" /><testcase classname="backend.tests.test_api.TestLeagues" name="test_get_league_standings" time="0.625" /><testcase classname="backend.tests.test_api.TestLeagues" name="test_get_league_matches" time="0.769" /><testcase classname="backend.tests.test_api.TestAdmin" name="test_admin_stats" time="0.415" /><testcase classname="backend.tests.test_api.TestAdmin" name="test_admin_leagues" time="0.516" /><testcase classname="backend.tests.test_api.TestAdmin" name="test_admin_protected_no_cookie" time="0.460" /><testcase classname="backend.tests.test_api.TestMatches" name="test_my_matches" time="0.444" /><testcase classname="backend.tests.test_api.TestCities" name="test_get_cities" time="0.130" /><testcase classname="backend.tests.test_api.TestCities" name="test_get_cities_india_blocked" time="0.119" /><testcase classname="backend.tests.test_api.TestCities" name="test_get_cities_usa_explicit" time="0.138" /><testcase classname="backend.tests.test_api.TestPhase" name="test_phase_endpoint" time="0.127" /><testcase classname="backend.tests.test_api.TestGoogleAuth" name="test_google_session_invalid" time="0.302" /><testcase classname="backend.tests.test_api.TestGoogleAuth" name="test_google_session_missing_body" time="0.141" /></testsuite></testsuites>